<?xml version="1.0" encoding="UTF-8"?>
<!-- Generated by org.testng.reporters.JUnitReportReporter -->
<testsuite skipped="0" hostname="KNACKHYDL0210" name="com.knacksystems.driverfactory.AppTest" tests="1" failures="0" timestamp="20 Nov 2019 15:07:18 GMT" time="171.138" errors="0">
  <testcase name="kickStart" time="171.138" classname="com.knacksystems.driverfactory.AppTest"/>
</testsuite> <!-- com.knacksystems.driverfactory.AppTest -->
